<?xml version="1.0" encoding="UTF-8"?>
<!-- Generated by org.testng.reporters.JUnitReportReporter -->
<testsuite hostname="dineshkila" failures="0" tests="1" name="com.shine.testcases.TC_IndexPageTest_001" time="5.490" errors="0" timestamp="2022-12-29T13:16:33 IST" skipped="0">
  <testcase classname="com.shine.testcases.TC_IndexPageTest_001" name="IndexPageTest" time="5.490"/>
  <system-out/>
</testsuite> <!-- com.shine.testcases.TC_IndexPageTest_001 -->
